127.0.0.1 - - [01/Dec/2021:00:16:47 +0200] "POST /api/user/create HTTP/1.1" 500 303
127.0.0.1 - - [01/Dec/2021:00:18:43 +0200] "POST /api/user/create HTTP/1.1" 200 38
127.0.0.1 - - [01/Dec/2021:00:19:07 +0200] "GET /api/user/khalil HTTP/1.1" 403 140
127.0.0.1 - - [01/Dec/2021:01:06:46 +0200] "POST /api/user/create HTTP/1.1" 200 38
0:0:0:0:0:0:0:1 - - [01/Dec/2021:21:39:28 +0100] "GET / HTTP/1.1" 403 299
0:0:0:0:0:0:0:1 - - [01/Dec/2021:21:39:28 +0100] "GET /favicon.ico HTTP/1.1" 403 136
0:0:0:0:0:0:0:1 - - [01/Dec/2021:22:26:23 +0100] "POST /api/user/create HTTP/1.1" 415 -
0:0:0:0:0:0:0:1 - - [01/Dec/2021:22:27:56 +0100] "POST /api/user/create HTTP/1.1" 415 -
0:0:0:0:0:0:0:1 - - [01/Dec/2021:22:29:21 +0100] "POST /api/user/create HTTP/1.1" 400 230
0:0:0:0:0:0:0:1 - - [01/Dec/2021:22:29:38 +0100] "POST /api/user/create HTTP/1.1" 400 124
0:0:0:0:0:0:0:1 - - [01/Dec/2021:22:29:45 +0100] "POST /api/user/create HTTP/1.1" 400 86
0:0:0:0:0:0:0:1 - - [01/Dec/2021:22:29:54 +0100] "POST /api/user/create HTTP/1.1" 200 38
0:0:0:0:0:0:0:1 - - [01/Dec/2021:22:31:00 +0100] "GET /api/user/azazaz HTTP/1.1" 403 140
0:0:0:0:0:0:0:1 - - [01/Dec/2021:22:34:15 +0100] "POST /api/user/create HTTP/1.1" 400 77
0:0:0:0:0:0:0:1 - - [01/Dec/2021:22:35:32 +0100] "POST /login HTTP/1.1" 403 -
0:0:0:0:0:0:0:1 - - [01/Dec/2021:22:35:48 +0100] "POST /login HTTP/1.1" 403 -
0:0:0:0:0:0:0:1 - - [01/Dec/2021:22:35:51 +0100] "POST /login HTTP/1.1" 200 -
0:0:0:0:0:0:0:1 - - [01/Dec/2021:22:36:20 +0100] "GET /api/user/azazaz HTTP/1.1" 400 44
0:0:0:0:0:0:0:1 - - [01/Dec/2021:23:08:36 +0100] "POST /api/cart HTTP/1.1" 403 133
0:0:0:0:0:0:0:1 - - [01/Dec/2021:23:08:53 +0100] "POST /api/cart HTTP/1.1" 404 140
0:0:0:0:0:0:0:1 - - [01/Dec/2021:23:09:24 +0100] "POST /api/cart/addToCart HTTP/1.1" 200 909
0:0:0:0:0:0:0:1 - - [01/Dec/2021:23:10:42 +0100] "POST /api/order/submit/mouad HTTP/1.1" 200 909
0:0:0:0:0:0:0:1 - - [01/Dec/2021:23:11:55 +0100] "POST /api/order/submit/Justin HTTP/1.1" 400 65
0:0:0:0:0:0:0:1 - - [01/Dec/2021:23:26:07 +0100] "POST /login HTTP/1.1" 401 -
0:0:0:0:0:0:0:1 - - [01/Dec/2021:23:26:07 +0100] "POST /login HTTP/1.1" 401 -
0:0:0:0:0:0:0:1 - - [01/Dec/2021:23:26:08 +0100] "POST /login HTTP/1.1" 401 -
0:0:0:0:0:0:0:1 - - [01/Dec/2021:23:26:09 +0100] "POST /login HTTP/1.1" 401 -
0:0:0:0:0:0:0:1 - - [01/Dec/2021:23:26:10 +0100] "POST /login HTTP/1.1" 401 -
0:0:0:0:0:0:0:1 - - [01/Dec/2021:23:35:59 +0100] "POST /login HTTP/1.1" 401 -
0:0:0:0:0:0:0:1 - - [01/Dec/2021:23:35:59 +0100] "POST /login HTTP/1.1" 401 -
0:0:0:0:0:0:0:1 - - [01/Dec/2021:23:35:59 +0100] "POST /login HTTP/1.1" 401 -
0:0:0:0:0:0:0:1 - - [01/Dec/2021:23:36:00 +0100] "POST /login HTTP/1.1" 401 -
0:0:0:0:0:0:0:1 - - [01/Dec/2021:23:36:00 +0100] "POST /login HTTP/1.1" 401 -
0:0:0:0:0:0:0:1 - - [01/Dec/2021:23:36:01 +0100] "POST /login HTTP/1.1" 401 -
